<?xml version="1.0" encoding="UTF-8"?>
<!-- Generated by org.testng.reporters.JUnitReportReporter -->
<testsuite hostname="ASHOKKUMDBVW9S3" failures="0" tests="1" name="org.com.ftsrestapi.ftstestng.PostAPIFtsTest" time="2.913" errors="0" timestamp="2025-02-20T16:49:07 IST" skipped="0">
  <testcase classname="org.com.ftsrestapi.ftstestng.PostAPIFtsTest" name="postAPiSentFile" time="2.913"/>
</testsuite> <!-- org.com.ftsrestapi.ftstestng.PostAPIFtsTest -->
