<?xml version="1.0" encoding="UTF-8"?>
<!-- Generated by org.testng.reporters.JUnitReportReporter -->
<testsuite hostname="ASHOKKUMDBVW9S3" failures="0" tests="1" name="org.com.ftsrestapi.ftstestng.GetAPIFts" time="1.938" errors="0" timestamp="2025-02-21T12:50:14 IST" skipped="0">
  <testcase classname="org.com.ftsrestapi.ftstestng.GetAPIFts" name="FtsApiTestwithHeaders" time="1.938"/>
</testsuite> <!-- org.com.ftsrestapi.ftstestng.GetAPIFts -->
