<?xml version="1.0" encoding="UTF-8"?>
<!-- Generated by org.testng.reporters.JUnitReportReporter -->
<testsuite hostname="ASHOKKUMDBVW9S3" failures="0" tests="1" name="org.com.ftsrestapi.ftstestng.PostAPIFts" time="2.242" errors="0" timestamp="2025-02-26T10:04:52 IST" skipped="0">
  <testcase classname="org.com.ftsrestapi.ftstestng.PostAPIFts" name="postAPiSentFile" time="2.242"/>
</testsuite> <!-- org.com.ftsrestapi.ftstestng.PostAPIFts -->
