<?xml version="1.0" encoding="UTF-8"?>
<!-- Generated by org.testng.reporters.JUnitReportReporter -->
<testsuite hostname="ASHOKKUMDBVW9S3" failures="0" tests="1" name="org.com.ftsrestapi.ftstestng.ReceivedFilesListingpages" time="2.923" errors="0" timestamp="2025-02-28T09:15:49 IST" skipped="0">
  <testcase classname="org.com.ftsrestapi.ftstestng.ReceivedFilesListingpages" name="PostReceivedfiles" time="2.923"/>
</testsuite> <!-- org.com.ftsrestapi.ftstestng.ReceivedFilesListingpages -->
