<?xml version="1.0" encoding="UTF-8"?>
<!-- Generated by org.testng.reporters.JUnitReportReporter -->
<testsuite hostname="ASHOKKUMDBVW9S3" failures="0" tests="1" name="org.com.ftsrestapi.ftstestng.SentfilesListingpages" time="2.214" errors="0" timestamp="2025-02-28T08:35:06 IST" skipped="0">
  <testcase classname="org.com.ftsrestapi.ftstestng.SentfilesListingpages" name="postAPiSentFile" time="2.214"/>
</testsuite> <!-- org.com.ftsrestapi.ftstestng.SentfilesListingpages -->
